<?xml version="1.0" encoding="UTF-8"?>
<!-- Generated by org.testng.reporters.JUnitReportReporter -->
<testsuite hostname="LAPTOP-SQM7SIIS" failures="0" tests="1" name="testpkg.Testc1" time="0.620" errors="0" timestamp="2024-07-02T11:41:27 IST" skipped="0">
  <testcase classname="testpkg.Testc1" name="cred" time="0.620"/>
</testsuite> <!-- testpkg.Testc1 -->
