<?xml version="1.0" encoding="UTF-8"?>
<!-- Generated by org.testng.reporters.JUnitReportReporter -->
<testsuite hostname="LAPTOP-SQM7SIIS" failures="0" tests="1" name="testpkg.Ftest$Fblogintest" time="0.265" errors="0" timestamp="2024-06-27T15:31:00 IST" skipped="0">
  <testcase classname="testpkg.Ftest$Fblogintest" name="testlogin" time="0.265"/>
</testsuite> <!-- testpkg.Ftest$Fblogintest -->
