<?xml version="1.0" encoding="UTF-8"?>
<!-- Generated by org.testng.reporters.JUnitReportReporter -->
<testsuite hostname="LAPTOP-SQM7SIIS" failures="0" tests="1" name="testpkg.Herbaltest" time="6.145" errors="0" timestamp="2024-08-04T20:05:22 IST" skipped="0">
  <testcase classname="testpkg.Herbaltest" name="Test" time="6.145"/>
</testsuite> <!-- testpkg.Herbaltest -->
