<?xml version="1.0" encoding="UTF-8"?>
<!-- Generated by org.testng.reporters.JUnitReportReporter -->
<testsuite hostname="LAPTOP-SQM7SIIS" failures="0" tests="1" name="pagepkg.Verifysignup" time="6.274" errors="0" timestamp="2024-08-10T13:31:36 IST" skipped="0">
  <testcase classname="pagepkg.Verifysignup" name="Test" time="6.274"/>
</testsuite> <!-- pagepkg.Verifysignup -->
