<?xml version="1.0" encoding="UTF-8"?>
<!-- Generated by org.testng.reporters.JUnitReportReporter -->
<testsuite hostname="LAPTOP-SQM7SIIS" failures="0" tests="1" name="testpkg.Fbt1" time="54.470" errors="0" timestamp="2024-07-01T10:18:53 IST" skipped="0">
  <testcase classname="testpkg.Fbt1" name="verifyLoginWithValidCred" time="54.470"/>
</testsuite> <!-- testpkg.Fbt1 -->
